<?xml version="1.0" encoding="UTF-8"?>
<!-- Generated by org.testng.reporters.JUnitXMLReporter -->
<testsuite hostname="LAPTOP-I0USUBRR" ignored="2" name="Test" tests="2" failures="0" timestamp="16 Jul 2020 09:20:39 GMT" time="54.722" errors="0">
  <testcase name="login_HRM" time="6.898" classname="testcases.Login_TestCase"/>
  <testcase name="Addemp_HRM" time="29.386" classname="testcases.Addemp_Testcase"/>
  <testcase name="@AfterSuite StopReport" time="0.0" classname="utlities.Reporter">
    <ignored/>
  </testcase> <!-- @AfterSuite StopReport -->
  <testcase name="@BeforeSuite startReport" time="0.0" classname="utlities.Reporter">
    <ignored/>
  </testcase> <!-- @BeforeSuite startReport -->
</testsuite> <!-- Test -->
