<?xml version="1.0" encoding="UTF-8"?>
<testng-results skipped="0" failed="0" ignored="2" total="4" passed="2">
  <reporter-output>
  </reporter-output>
  <suite name="Suite" duration-ms="54722" started-at="2020-07-16T09:19:44Z" finished-at="2020-07-16T09:20:39Z">
    <groups>
    </groups>
    <test name="Test" duration-ms="54722" started-at="2020-07-16T09:19:44Z" finished-at="2020-07-16T09:20:39Z">
      <class name="testcases.Addemp_Testcase">
        <test-method status="PASS" signature="startReport()[pri:0, instance:testcases.Addemp_Testcase@57baeedf]" name="startReport" is-config="true" duration-ms="571" started-at="2020-07-16T09:19:43Z" finished-at="2020-07-16T09:19:44Z">
          <reporter-output>
          </reporter-output>
        </test-method> <!-- startReport -->
        <test-method status="PASS" signature="startApp()[pri:0, instance:testcases.Addemp_Testcase@57baeedf]" name="startApp" is-config="true" duration-ms="1" started-at="2020-07-16T09:19:44Z" finished-at="2020-07-16T09:19:44Z">
          <reporter-output>
          </reporter-output>
        </test-method> <!-- startApp -->
        <test-method status="PASS" signature="startApp()[pri:0, instance:testcases.Login_TestCase@343f4d3d]" name="startApp" is-config="true" duration-ms="1" started-at="2020-07-16T09:19:44Z" finished-at="2020-07-16T09:19:44Z">
          <reporter-output>
          </reporter-output>
        </test-method> <!-- startApp -->
        <test-method status="PASS" signature="report()[pri:0, instance:testcases.Addemp_Testcase@57baeedf]" name="report" is-config="true" duration-ms="37" started-at="2020-07-16T09:19:44Z" finished-at="2020-07-16T09:19:44Z">
          <reporter-output>
          </reporter-output>
        </test-method> <!-- report -->
        <test-method status="PASS" signature="intialize_driver()[pri:0, instance:testcases.Addemp_Testcase@57baeedf]" name="intialize_driver" is-config="true" duration-ms="22685" started-at="2020-07-16T09:19:46Z" finished-at="2020-07-16T09:20:09Z">
          <reporter-output>
          </reporter-output>
        </test-method> <!-- intialize_driver -->
        <test-method status="PASS" signature="Addemp_HRM(java.lang.String, java.lang.String, java.lang.String, java.lang.String, java.lang.String, java.lang.String, java.lang.String, java.lang.String, java.lang.String)[pri:0, instance:testcases.Addemp_Testcase@57baeedf]" name="Addemp_HRM" duration-ms="29386" started-at="2020-07-16T09:20:09Z" data-provider="fetchData" finished-at="2020-07-16T09:20:38Z">
          <params>
            <param index="0">
              <value>
                <![CDATA[Admin]]>
              </value>
            </param>
            <param index="1">
              <value>
                <![CDATA[admin123]]>
              </value>
            </param>
            <param index="2">
              <value>
                <![CDATA[harinisn]]>
              </value>
            </param>
            <param index="3">
              <value>
                <![CDATA[12345]]>
              </value>
            </param>
            <param index="4">
              <value>
                <![CDATA[harinisena]]>
              </value>
            </param>
            <param index="5">
              <value>
                <![CDATA[harini]]>
              </value>
            </param>
            <param index="6">
              <value>
                <![CDATA[natarajan]]>
              </value>
            </param>
            <param index="7">
              <value>
                <![CDATA[swaminathan]]>
              </value>
            </param>
            <param index="8">
              <value>
                <![CDATA[123456]]>
              </value>
            </param>
          </params>
          <reporter-output>
          </reporter-output>
        </test-method> <!-- Addemp_HRM -->
        <test-method status="PASS" signature="teardown()[pri:0, instance:testcases.Addemp_Testcase@57baeedf]" name="teardown" is-config="true" duration-ms="323" started-at="2020-07-16T09:20:38Z" finished-at="2020-07-16T09:20:39Z">
          <reporter-output>
          </reporter-output>
        </test-method> <!-- teardown -->
        <test-method status="PASS" signature="StopReport()[pri:0, instance:testcases.Addemp_Testcase@57baeedf]" name="StopReport" is-config="true" duration-ms="1359" started-at="2020-07-16T09:20:39Z" finished-at="2020-07-16T09:20:41Z">
          <reporter-output>
          </reporter-output>
        </test-method> <!-- StopReport -->
      </class> <!-- testcases.Addemp_Testcase -->
      <class name="testcases.Login_TestCase">
        <test-method status="PASS" signature="report()[pri:0, instance:testcases.Login_TestCase@343f4d3d]" name="report" is-config="true" duration-ms="37" started-at="2020-07-16T09:19:44Z" finished-at="2020-07-16T09:19:44Z">
          <reporter-output>
          </reporter-output>
        </test-method> <!-- report -->
        <test-method status="PASS" signature="intialize_driver()[pri:0, instance:testcases.Login_TestCase@343f4d3d]" name="intialize_driver" is-config="true" duration-ms="22630" started-at="2020-07-16T09:19:46Z" finished-at="2020-07-16T09:20:09Z">
          <reporter-output>
          </reporter-output>
        </test-method> <!-- intialize_driver -->
        <test-method status="PASS" signature="login_HRM(java.lang.String, java.lang.String)[pri:0, instance:testcases.Login_TestCase@343f4d3d]" name="login_HRM" duration-ms="6898" started-at="2020-07-16T09:20:09Z" data-provider="fetchData" finished-at="2020-07-16T09:20:16Z">
          <params>
            <param index="0">
              <value>
                <![CDATA[Admin]]>
              </value>
            </param>
            <param index="1">
              <value>
                <![CDATA[admin123]]>
              </value>
            </param>
          </params>
          <reporter-output>
          </reporter-output>
        </test-method> <!-- login_HRM -->
        <test-method status="PASS" signature="teardown()[pri:0, instance:testcases.Login_TestCase@343f4d3d]" name="teardown" is-config="true" duration-ms="1536" started-at="2020-07-16T09:20:16Z" finished-at="2020-07-16T09:20:17Z">
          <reporter-output>
          </reporter-output>
        </test-method> <!-- teardown -->
      </class> <!-- testcases.Login_TestCase -->
    </test> <!-- Test -->
  </suite> <!-- Suite -->
</testng-results>
